#
# There is insufficient memory for the Java Runtime Environment to continue.
# Native memory allocation (mmap) failed to map 197132288 bytes for Failed to commit area from 0x0000000744000000 to 0x000000074fc00000 of length 197132288.
# Possible reasons:
#   The system is out of physical RAM or swap space
#   The process is running with CompressedOops enabled, and the Java Heap may be blocking the growth of the native heap
# Possible solutions:
#   Reduce memory load on the system
#   Increase physical memory or swap space
#   Check if swap backing store is full
#   Decrease Java heap size (-Xmx/-Xms)
#   Decrease number of Java threads
#   Decrease Java thread stack sizes (-Xss)
#   Set larger code cache with -XX:ReservedCodeCacheSize=
# This output file may be truncated or incomplete.
#
#  Out of Memory Error (./open/src/hotspot/os/windows/os_windows.cpp:3283), pid=18208, tid=18920
#
# JRE version:  (11.0.17+10) (build )
# Java VM: Java HotSpot(TM) 64-Bit Server VM (11.0.17+10-LTS-269, mixed mode, sharing, tiered, compressed oops, g1 gc, windows-amd64)
# No core dump will be written. Minidumps are not enabled by default on client versions of Windows
#

---------------  S U M M A R Y ------------

Command Line: -Dfile.encoding=UTF-8 --module-path=C:\xampp\htdocs\PHARMACIE SYSTEM MANAGMENT\build\classes Lgin

Host: 11th Gen Intel(R) Core(TM) i5-1135G7 @ 2.40GHz, 8 cores, 11G,  Windows 10 , 64 bit Build 19041 (10.0.19041.3636)
Time: Thu May  9 23:51:08 2024 Afr. centrale Ouest elapsed time: 0.009422 seconds (0d 0h 0m 0s)

---------------  T H R E A D  ---------------

Current thread (0x00000214f060e000):  JavaThread "Unknown thread" [_thread_in_vm, id=18920, stack(0x0000003de0900000,0x0000003de0a00000)]

Stack: [0x0000003de0900000,0x0000003de0a00000]
Native frames: (J=compiled Java code, j=interpreted, Vv=VM code, C=native code)
V  [jvm.dll+0x62b5da]
V  [jvm.dll+0x7653df]
V  [jvm.dll+0x766a89]
V  [jvm.dll+0x767113]
V  [jvm.dll+0x23dd28]
V  [jvm.dll+0x62896a]
V  [jvm.dll+0x61d625]
V  [jvm.dll+0x2f2d3c]
V  [jvm.dll+0x2f2bc2]
V  [jvm.dll+0x2f78e6]
V  [jvm.dll+0x33a2df]
V  [jvm.dll+0x339d10]
V  [jvm.dll+0x2d0368]
V  [jvm.dll+0x2d14d6]
V  [jvm.dll+0x73f9a7]
V  [jvm.dll+0x74123f]
V  [jvm.dll+0x347039]
V  [jvm.dll+0x725280]
V  [jvm.dll+0x3b5c1f]
V  [jvm.dll+0x3b7d31]
C  [jli.dll+0x5207]
C  [ucrtbase.dll+0x21bb2]
C  [KERNEL32.DLL+0x17344]
C  [ntdll.dll+0x526b1]


---------------  P R O C E S S  ---------------

Threads class SMR info:
_java_thread_list=0x00000214ee463480, length=0, elements={
}

Java Threads: ( => current thread )

Other Threads:
  0x00000214f0622000 GCTaskThread "GC Thread#0" [stack: 0x0000003de0a00000,0x0000003de0b00000] [id=19004]
  0x00000214f066a000 ConcurrentGCThread "G1 Main Marker" [stack: 0x0000003de0b00000,0x0000003de0c00000] [id=11424]
  0x00000214f066b000 ConcurrentGCThread "G1 Conc#0" [stack: 0x0000003de0c00000,0x0000003de0d00000] [id=5516]

[error occurred during error reporting (printing all threads), id 0xc0000005, EXCEPTION_ACCESS_VIOLATION (0xc0000005) at pc=0x00007ffe727bf5f7]

VM state:not at safepoint (not fully initialized)

VM Mutex/Monitor currently owned by a thread:  ([mutex/lock_event])
[0x00000214f060a5d0] Heap_lock - owner thread: 0x00000214f060e000

Heap address: 0x0000000744000000, size: 3008 MB, Compressed Oops mode: Non-zero based: 0x0000000744000000
Narrow klass base: 0x0000000000000000, Narrow klass shift: 0

GC Heap History (0 events):
No events

Deoptimization events (0 events):
No events

Classes redefined (0 events):
No events

Internal exceptions (0 events):
No events

Events (0 events):
No events


Dynamic libraries:
0x00007ff706860000 - 0x00007ff70686f000 	C:\Program Files\Java\jdk-11.0.17\bin\java.exe
0x00007ffefa130000 - 0x00007ffefa328000 	C:\WINDOWS\SYSTEM32\ntdll.dll
0x00007ffef8c20000 - 0x00007ffef8cdd000 	C:\WINDOWS\System32\KERNEL32.DLL
0x00007ffef7af0000 - 0x00007ffef7de6000 	C:\WINDOWS\System32\KERNELBASE.dll
0x00007ffef7ff0000 - 0x00007ffef80f0000 	C:\WINDOWS\System32\ucrtbase.dll
0x00007ffef0340000 - 0x00007ffef0358000 	C:\Program Files\Java\jdk-11.0.17\bin\jli.dll
0x00007ffef0180000 - 0x00007ffef0195000 	C:\Program Files\Java\jdk-11.0.17\bin\VCRUNTIME140.dll
0x00007ffef9460000 - 0x00007ffef9510000 	C:\WINDOWS\System32\ADVAPI32.dll
0x00007ffef9f20000 - 0x00007ffef9fbe000 	C:\WINDOWS\System32\msvcrt.dll
0x00007ffef81b0000 - 0x00007ffef8250000 	C:\WINDOWS\System32\sechost.dll
0x00007ffef9fc0000 - 0x00007ffefa0e3000 	C:\WINDOWS\System32\RPCRT4.dll
0x00007ffef7880000 - 0x00007ffef78a7000 	C:\WINDOWS\System32\bcrypt.dll
0x00007ffef8ce0000 - 0x00007ffef8e7f000 	C:\WINDOWS\System32\USER32.dll
0x00007ffef7ac0000 - 0x00007ffef7ae2000 	C:\WINDOWS\System32\win32u.dll
0x00007ffef8180000 - 0x00007ffef81ab000 	C:\WINDOWS\System32\GDI32.dll
0x00007ffee3730000 - 0x00007ffee39ca000 	C:\WINDOWS\WinSxS\amd64_microsoft.windows.common-controls_6595b64144ccf1df_6.0.19041.3636_none_60b6a03d71f818d5\COMCTL32.dll
0x00007ffef7e40000 - 0x00007ffef7f57000 	C:\WINDOWS\System32\gdi32full.dll
0x00007ffef77e0000 - 0x00007ffef787d000 	C:\WINDOWS\System32\msvcp_win.dll
0x00007ffee0430000 - 0x00007ffee043a000 	C:\WINDOWS\SYSTEM32\VERSION.dll
0x00007ffef9a80000 - 0x00007ffef9ab2000 	C:\WINDOWS\System32\IMM32.DLL
0x00007ffebb8c0000 - 0x00007ffebb95b000 	C:\Program Files\Java\jdk-11.0.17\bin\msvcp140.dll
0x00007ffe724e0000 - 0x00007ffe72ffa000 	C:\Program Files\Java\jdk-11.0.17\bin\server\jvm.dll
0x00007ffef9e30000 - 0x00007ffef9e38000 	C:\WINDOWS\System32\PSAPI.DLL
0x00007ffeebeb0000 - 0x00007ffeebed7000 	C:\WINDOWS\SYSTEM32\WINMM.dll
0x00007ffec9620000 - 0x00007ffec9629000 	C:\WINDOWS\SYSTEM32\WSOCK32.dll
0x00007ffef8f70000 - 0x00007ffef8fdb000 	C:\WINDOWS\System32\WS2_32.dll
0x00007ffef6000000 - 0x00007ffef6012000 	C:\WINDOWS\SYSTEM32\kernel.appcore.dll
0x00007ffef4130000 - 0x00007ffef4140000 	C:\Program Files\Java\jdk-11.0.17\bin\verify.dll
0x00007ffef5550000 - 0x00007ffef5734000 	C:\WINDOWS\SYSTEM32\DBGHELP.DLL
0x00007ffec9970000 - 0x00007ffec99a4000 	C:\WINDOWS\SYSTEM32\dbgcore.DLL
0x00007ffef7f60000 - 0x00007ffef7fe2000 	C:\WINDOWS\System32\bcryptPrimitives.dll
0x00007ffee5d30000 - 0x00007ffee5d58000 	C:\Program Files\Java\jdk-11.0.17\bin\java.dll
0x00007ffef2e90000 - 0x00007ffef2e9a000 	C:\Program Files\Java\jdk-11.0.17\bin\jimage.dll
0x00007ffeeeb60000 - 0x00007ffeeeb76000 	C:\Program Files\Java\jdk-11.0.17\bin\zip.dll

dbghelp: loaded successfully - version: 4.0.5 - missing functions: none
symbol engine: initialized successfully - sym options: 0x614 - pdb path: .;C:\Program Files\Java\jdk-11.0.17\bin;C:\WINDOWS\SYSTEM32;C:\WINDOWS\WinSxS\amd64_microsoft.windows.common-controls_6595b64144ccf1df_6.0.19041.3636_none_60b6a03d71f818d5;C:\Program Files\Java\jdk-11.0.17\bin\server

VM Arguments:
jvm_args: -Dfile.encoding=UTF-8 --module-path=C:\xampp\htdocs\PHARMACIE SYSTEM MANAGMENT\build\classes 
java_command: Lgin
java_class_path (initial): C:\Program Files\NetBeans-21\netbeans\java\modules\ext\AbsoluteLayout.jar;C:\Program Files\NetBeans-21\rs2xml.jar;C:\Program Files\NetBeans-21\dbutils\commons-dbutils-1.8.1\commons-dbutils-1.8.1-javadoc.jar;C:\Program Files\NetBeans-21\dbutils\commons-dbutils-1.8.1\commons-dbutils-1.8.1-sources.jar;C:\Program Files\NetBeans-21\dbutils\commons-dbutils-1.8.1\commons-dbutils-1.8.1-test-sources.jar;C:\Program Files\NetBeans-21\dbutils\commons-dbutils-1.8.1\commons-dbutils-1.8.1-tests.jar;C:\Program Files\NetBeans-21\dbutils\commons-dbutils-1.8.1\commons-dbutils-1.8.1.jar;C:\xampp\htdocs\PHARMACIE SYSTEM MANAGMENT\jar\mysql-connector-java-8.0.20.jar;C:\xampp\htdocs\PHARMACIE SYSTEM MANAGMENT\jar\AbsoluteLayout.jar;C:\xampp\htdocs\PHARMACIE SYSTEM MANAGMENT\jar\itext.jar;C:\xampp\htdocs\PHARMACIE SYSTEM MANAGMENT\build\classes
Launcher Type: SUN_STANDARD

[Global flags]
     intx CICompilerCount                          = 4                                         {product} {ergonomic}
     uint ConcGCThreads                            = 2                                         {product} {ergonomic}
     uint G1ConcRefinementThreads                  = 8                                         {product} {ergonomic}
   size_t G1HeapRegionSize                         = 1048576                                   {product} {ergonomic}
    uintx GCDrainStackTargetSize                   = 64                                        {product} {ergonomic}
   size_t InitialHeapSize                          = 197132288                                 {product} {ergonomic}
   size_t MarkStackSize                            = 4194304                                   {product} {ergonomic}
   size_t MaxHeapSize                              = 3154116608                                {product} {ergonomic}
   size_t MinHeapDeltaBytes                        = 1048576                                   {product} {ergonomic}
    uintx NonNMethodCodeHeapSize                   = 5836300                                {pd product} {ergonomic}
    uintx NonProfiledCodeHeapSize                  = 122910970                              {pd product} {ergonomic}
    uintx ProfiledCodeHeapSize                     = 122910970                              {pd product} {ergonomic}
    uintx ReservedCodeCacheSize                    = 251658240                              {pd product} {ergonomic}
     bool SegmentedCodeCache                       = true                                      {product} {ergonomic}
     bool UseCompressedClassPointers               = true                                 {lp64_product} {ergonomic}
     bool UseCompressedOops                        = true                                 {lp64_product} {ergonomic}
     bool UseG1GC                                  = true                                      {product} {ergonomic}
     bool UseLargePagesIndividualAllocation        = false                                  {pd product} {ergonomic}

Logging:
Log output configuration:
 #0: stdout all=warning uptime,level,tags
 #1: stderr all=off uptime,level,tags

Environment Variables:
JAVA_HOME=C:\Users\MARIEM\Desktop\formation auto\pilote\jdk-11.0.15.1
PATH=C:\Program Files (x86)\VMware\VMware Workstation\bin\;C:\oraclexe\app\oracle\product\11.2.0\server\bin;C:\Program Files\Common Files\Oracle\Java\javapath;C:\WINDOWS\system32;C:\WINDOWS;C:\WINDOWS\System32\Wbem;C:\WINDOWS\System32\WindowsPowerShell\v1.0\;C:\WINDOWS\System32\OpenSSH\;C:\Program Files\dotnet\;C:\Program Files (x86)\Microsoft SQL Server\160\Tools\Binn\;C:\Program Files\Microsoft SQL Server\160\Tools\Binn\;C:\Program Files\Microsoft SQL Server\Client SDK\ODBC\170\Tools\Binn\;C:\Program Files\Microsoft SQL Server\160\DTS\Binn\;C:\Users\MARIEM\Desktop\formation auto\pilote\apache-maven-3.9.4\bin;C:\Users\MARIEM\Desktop\formation auto\pilote\jdk-11.0.15.1\bin;C:\Program Files (x86)\Windows Kits\10\Windows Performance Toolkit\;C:\Program Files\mingw64\bin;C:\ProgramData\chocolatey\bin;C:\Users\MARIEM\AppData\Local\Programs\Python\Python312\Scripts\;C:\Users\MARIEM\AppData\Local\Programs\Python\Python312\;C:\Users\MARIEM\AppData\Local\Programs\Python\Launcher\;C:\Users\MARIEM\AppData\Local\Microsoft\WindowsApps;C:\Program Files\JetBrains\PyCharm 2023.2\bin;;C:\Program Files\Multipass\bin;C:\Users\MARIEM\AppData\Local\Programs\Microsoft VS Code\bin
USERNAME=MARIEM
OS=Windows_NT
PROCESSOR_IDENTIFIER=Intel64 Family 6 Model 140 Stepping 1, GenuineIntel



---------------  S Y S T E M  ---------------

OS: Windows 10 , 64 bit Build 19041 (10.0.19041.3636)

CPU:total 8 (initial active 8) (4 cores per cpu, 2 threads per core) family 6 model 140 stepping 1 microcode 0xb4, cmov, cx8, fxsr, mmx, sse, sse2, sse3, ssse3, sse4.1, sse4.2, popcnt, avx, avx2, aes, clmul, erms, 3dnowpref, lzcnt, ht, tsc, tscinvbit, bmi1, bmi2, adx, evex, sha, fma

Memory: 4k page, system-wide physical 12030M (2126M free)
TotalPageFile size 12030M (AvailPageFile size 185M)
current process WorkingSet (physical memory assigned to process): 10M, peak: 10M
current process commit charge ("private bytes"): 60M, peak: 248M

vm_info: Java HotSpot(TM) 64-Bit Server VM (11.0.17+10-LTS-269) for windows-amd64 JRE (11.0.17+10-LTS-269), built on Sep 13 2022 19:26:37 by "mach5one" with MS VC++ 15.9 (VS2017)

END.
